EmergencyEscape - prova Fragment/app/build/outputs/logs/manifest-merger-debug-report.txt
-- Merging decision tree log ---
manifest
ADDED from src\main\AndroidManifest.xml:2:1-119:12
	package
		ADDED from src\main\AndroidManifest.xml:3:5-34
		INJECTED from src\main\AndroidManifest.xml
		INJECTED from src\main\AndroidManifest.xml
	android:versionName
		INJECTED from src\main\AndroidManifest.xml
		INJECTED from src\main\AndroidManifest.xml
	xmlns:android
		ADDED from src\main\AndroidManifest.xml:2:11-69
	android:versionCode
		INJECTED from src\main\AndroidManifest.xml
		INJECTED from src\main\AndroidManifest.xml
uses-permission#android.permission.GET_ACCOUNTS
ADDED from src\main\AndroidManifest.xml:6:5-71
	android:name
		ADDED from src\main\AndroidManifest.xml:6:22-68
uses-permission#android.permission.READ_PROFILE
ADDED from src\main\AndroidManifest.xml:7:5-71
	android:name
		ADDED from src\main\AndroidManifest.xml:7:22-68
uses-permission#android.permission.READ_CONTACTS
ADDED from src\main\AndroidManifest.xml:8:5-72
	android:name
		ADDED from src\main\AndroidManifest.xml:8:22-69
uses-permission#android.permission.ACCESS_FINE_LOCATION
ADDED from src\main\AndroidManifest.xml:15:5-79
	android:name
		ADDED from src\main\AndroidManifest.xml:15:22-76
application
ADDED from src\main\AndroidManifest.xml:17:5-117:19
MERGED from [com.android.support:appcompat-v7:23.1.1] AndroidManifest.xml:22:5-20
MERGED from [com.android.support:support-v4:23.1.1] AndroidManifest.xml:22:5-20
MERGED from [com.android.support:design:23.1.1] AndroidManifest.xml:22:5-20
MERGED from [com.android.support:appcompat-v7:23.1.1] AndroidManifest.xml:22:5-20
MERGED from [com.android.support:support-v4:23.1.1] AndroidManifest.xml:22:5-20
MERGED from [com.android.support:support-v4:23.1.1] AndroidManifest.xml:22:5-20
MERGED from [com.android.support:support-v4:23.1.1] AndroidManifest.xml:22:5-20
	android:label
		ADDED from src\main\AndroidManifest.xml:20:9-41
	android:supportsRtl
		ADDED from src\main\AndroidManifest.xml:21:9-35
	android:allowBackup
		ADDED from src\main\AndroidManifest.xml:18:9-35
	android:icon
		ADDED from src\main\AndroidManifest.xml:19:9-43
	android:theme
		ADDED from src\main\AndroidManifest.xml:22:9-40
activity#com.emergencyescape.login.LoginActivity
ADDED from src\main\AndroidManifest.xml:23:9-31:20
	android:label
		ADDED from src\main\AndroidManifest.xml:25:13-45
	android:name
		ADDED from src\main\AndroidManifest.xml:24:13-48
intent-filter#android.intent.action.MAIN+android.intent.category.LAUNCHER
ADDED from src\main\AndroidManifest.xml:26:13-30:29
action#android.intent.action.MAIN
ADDED from src\main\AndroidManifest.xml:27:17-69
	android:name
		ADDED from src\main\AndroidManifest.xml:27:25-66
category#android.intent.category.LAUNCHER
ADDED from src\main\AndroidManifest.xml:29:17-77
	android:name
		ADDED from src\main\AndroidManifest.xml:29:27-74
activity#com.emergencyescape.main.MainActivity
ADDED from src\main\AndroidManifest.xml:32:9-35:59
	android:label
		ADDED from src\main\AndroidManifest.xml:34:13-30
	android:theme
		ADDED from src\main\AndroidManifest.xml:35:13-56
	android:name
		ADDED from src\main\AndroidManifest.xml:33:13-46
activity#com.emergencyescape.EmergencyActivity
ADDED from src\main\AndroidManifest.xml:37:9-44:20
	android:label
		ADDED from src\main\AndroidManifest.xml:39:13-30
	android:theme
		ADDED from src\main\AndroidManifest.xml:40:13-56
	android:name
		ADDED from src\main\AndroidManifest.xml:38:13-46
meta-data#android.support.PARENT_ACTIVITY
ADDED from src\main\AndroidManifest.xml:41:13-43:54
	android:value
		ADDED from src\main\AndroidManifest.xml:43:17-51
	android:name
		ADDED from src\main\AndroidManifest.xml:42:17-63
activity#com.emergencyescape.NoEmergencyActivity
ADDED from src\main\AndroidManifest.xml:45:9-52:20
	android:label
		ADDED from src\main\AndroidManifest.xml:47:13-30
	android:theme
		ADDED from src\main\AndroidManifest.xml:48:13-56
	android:name
		ADDED from src\main\AndroidManifest.xml:46:13-48
activity#com.emergencyescape.EmTapActivity
ADDED from src\main\AndroidManifest.xml:53:9-60:20
	android:label
		ADDED from src\main\AndroidManifest.xml:55:13-30
	android:theme
		ADDED from src\main\AndroidManifest.xml:56:13-56
	android:name
		ADDED from src\main\AndroidManifest.xml:54:13-42
activity#com.emergencyescape.NoEmTapActivity
ADDED from src\main\AndroidManifest.xml:61:9-68:20
	android:label
		ADDED from src\main\AndroidManifest.xml:63:13-30
	android:theme
		ADDED from src\main\AndroidManifest.xml:64:13-56
	android:name
		ADDED from src\main\AndroidManifest.xml:62:13-44
activity#com.emergencyescape.EmQrActivity
ADDED from src\main\AndroidManifest.xml:69:9-76:20
	android:label
		ADDED from src\main\AndroidManifest.xml:71:13-30
	android:theme
		ADDED from src\main\AndroidManifest.xml:72:13-56
	android:name
		ADDED from src\main\AndroidManifest.xml:70:13-41
activity#com.emergencyescape.NoEmQrActivity
ADDED from src\main\AndroidManifest.xml:77:9-84:20
	android:label
		ADDED from src\main\AndroidManifest.xml:79:13-30
	android:theme
		ADDED from src\main\AndroidManifest.xml:80:13-56
	android:name
		ADDED from src\main\AndroidManifest.xml:78:13-43
activity#com.emergencyescape.DestinationActivity
ADDED from src\main\AndroidManifest.xml:85:9-92:20
	android:label
		ADDED from src\main\AndroidManifest.xml:87:13-30
	android:theme
		ADDED from src\main\AndroidManifest.xml:88:13-56
	android:name
		ADDED from src\main\AndroidManifest.xml:86:13-48
activity#com.emergencyescape.ItineraryActivity
ADDED from src\main\AndroidManifest.xml:93:9-100:20
	android:label
		ADDED from src\main\AndroidManifest.xml:95:13-30
	android:theme
		ADDED from src\main\AndroidManifest.xml:96:13-56
	android:name
		ADDED from src\main\AndroidManifest.xml:94:13-46
meta-data#com.google.android.geo.API_KEY
ADDED from src\main\AndroidManifest.xml:110:9-112:55
	android:value
		ADDED from src\main\AndroidManifest.xml:112:13-52
	android:name
		ADDED from src\main\AndroidManifest.xml:111:13-58
activity#com.emergencyescape.MapsActivity
ADDED from src\main\AndroidManifest.xml:114:9-116:68
	android:label
		ADDED from src\main\AndroidManifest.xml:116:13-56
	android:name
		ADDED from src\main\AndroidManifest.xml:115:13-41
uses-sdk
INJECTED from src\main\AndroidManifest.xml reason: use-sdk injection requested
MERGED from [com.android.support:appcompat-v7:23.1.1] AndroidManifest.xml:20:5-43
MERGED from [com.android.support:support-v4:23.1.1] AndroidManifest.xml:20:5-43
MERGED from [com.android.support:design:23.1.1] AndroidManifest.xml:20:5-43
MERGED from [com.android.support:appcompat-v7:23.1.1] AndroidManifest.xml:20:5-43
MERGED from [com.android.support:support-v4:23.1.1] AndroidManifest.xml:20:5-43
MERGED from [com.android.support:recyclerview-v7:23.1.1] AndroidManifest.xml:20:5-43
MERGED from [com.android.support:support-v4:23.1.1] AndroidManifest.xml:20:5-43
MERGED from [com.android.support:support-v4:23.1.1] AndroidManifest.xml:20:5-43
MERGED from [com.jakewharton:butterknife:8.0.1] AndroidManifest.xml:5:5-43
	android:targetSdkVersion
		INJECTED from src\main\AndroidManifest.xml
		INJECTED from src\main\AndroidManifest.xml
	android:minSdkVersion
		INJECTED from src\main\AndroidManifest.xml
		INJECTED from src\main\AndroidManifest.xml